<?xml version="1.0" encoding="UTF-8"?>
<!-- Generated by org.testng.reporters.JUnitReportReporter -->
<testsuite hostname="TYSS-Hongiran" failures="0" tests="1" name="VN.TC_1" time="11.673" errors="0" timestamp="2023-06-29T20:45:49 IST" skipped="0">
  <testcase classname="VN.TC_1" name="Vn" time="11.673"/>
  <system-out/>
</testsuite> <!-- VN.TC_1 -->
